---------------------------------------------------------------
[ 2019-05-22T11:01:23+08:00 ] 127.0.0.1 GET dev.52xue.com/
[运行时间：0.018186s] [吞吐率：54.99req/s] [内存消耗：353.74kb] [文件加载：45]
[ info ] [ LANG ] /mnt/d/Workspace/www/tp5-chat/thinkphp/lang/zh-cn.php
[ info ] [ BIND ] 'index'
[ info ] [ ROUTE ] array (
  'type' => 'module',
  'module' => 
  array (
    0 => 'index',
    1 => NULL,
    2 => NULL,
  ),
)
[ info ] [ HEADER ] array (
  'cookie' => 'PHPSESSID=s242j5vuosqqtcmsf2i71mnb94',
  'accept-language' => 'zh-CN,zh;q=0.9',
  'accept-encoding' => 'gzip, deflate',
  'accept' => 'text/html,application/xhtml+xml,application/xml;q=0.9,image/webp,image/apng,*/*;q=0.8,application/signed-exchange;v=b3',
  'user-agent' => 'Mozilla/5.0 (Windows NT 10.0; Win64; x64) AppleWebKit/537.36 (KHTML, like Gecko) Chrome/74.0.3729.108 Safari/537.36',
  'upgrade-insecure-requests' => '1',
  'connection' => 'keep-alive',
  'host' => 'dev.52xue.com',
  'content-length' => '',
  'content-type' => '',
)
[ info ] [ PARAM ] array (
)
[ info ] [ SESSION ] INIT array (
  'id' => '',
  'var_session_id' => '',
  'prefix' => 'think',
  'type' => '',
  'auto_start' => true,
)
[ info ] [ DB ] INIT mysql
[ info ] [ LOG ] INIT File
[ error ] [1045]SQLSTATE[HY000] [1045] Access denied for user 'root'@'localhost' (using password: YES)[/mnt/d/Workspace/www/tp5-chat/thinkphp/library/think/db/Connection.php:295]
---------------------------------------------------------------
[ 2019-05-22T11:01:31+08:00 ] 127.0.0.1 GET dev.52xue.com/
[运行时间：0.009810s] [吞吐率：101.94req/s] [内存消耗：353.13kb] [文件加载：45]
[ info ] [ LANG ] /mnt/d/Workspace/www/tp5-chat/thinkphp/lang/zh-cn.php
[ info ] [ BIND ] 'index'
[ info ] [ ROUTE ] array (
  'type' => 'module',
  'module' => 
  array (
    0 => 'index',
    1 => NULL,
    2 => NULL,
  ),
)
[ info ] [ HEADER ] array (
  'cookie' => 'PHPSESSID=s242j5vuosqqtcmsf2i71mnb94',
  'accept-language' => 'zh-CN,zh;q=0.9',
  'accept-encoding' => 'gzip, deflate',
  'accept' => 'text/html,application/xhtml+xml,application/xml;q=0.9,image/webp,image/apng,*/*;q=0.8,application/signed-exchange;v=b3',
  'user-agent' => 'Mozilla/5.0 (Windows NT 10.0; Win64; x64) AppleWebKit/537.36 (KHTML, like Gecko) Chrome/74.0.3729.108 Safari/537.36',
  'upgrade-insecure-requests' => '1',
  'cache-control' => 'max-age=0',
  'connection' => 'keep-alive',
  'host' => 'dev.52xue.com',
  'content-length' => '',
  'content-type' => '',
)
[ info ] [ PARAM ] array (
)
[ info ] [ SESSION ] INIT array (
  'id' => '',
  'var_session_id' => '',
  'prefix' => 'think',
  'type' => '',
  'auto_start' => true,
)
[ info ] [ DB ] INIT mysql
[ info ] [ LOG ] INIT File
[ error ] [1045]SQLSTATE[HY000] [1045] Access denied for user 'root'@'localhost' (using password: YES)[/mnt/d/Workspace/www/tp5-chat/thinkphp/library/think/db/Connection.php:295]
---------------------------------------------------------------
[ 2019-05-22T11:01:32+08:00 ] 127.0.0.1 GET dev.52xue.com/
[运行时间：0.008031s] [吞吐率：124.52req/s] [内存消耗：352.73kb] [文件加载：45]
[ info ] [ LANG ] /mnt/d/Workspace/www/tp5-chat/thinkphp/lang/zh-cn.php
[ info ] [ BIND ] 'index'
[ info ] [ ROUTE ] array (
  'type' => 'module',
  'module' => 
  array (
    0 => 'index',
    1 => NULL,
    2 => NULL,
  ),
)
[ info ] [ HEADER ] array (
  'cookie' => 'PHPSESSID=s242j5vuosqqtcmsf2i71mnb94',
  'accept-language' => 'zh-CN,zh;q=0.9',
  'accept-encoding' => 'gzip, deflate',
  'accept' => 'text/html,application/xhtml+xml,application/xml;q=0.9,image/webp,image/apng,*/*;q=0.8,application/signed-exchange;v=b3',
  'user-agent' => 'Mozilla/5.0 (Windows NT 10.0; Win64; x64) AppleWebKit/537.36 (KHTML, like Gecko) Chrome/74.0.3729.108 Safari/537.36',
  'upgrade-insecure-requests' => '1',
  'cache-control' => 'max-age=0',
  'connection' => 'keep-alive',
  'host' => 'dev.52xue.com',
  'content-length' => '',
  'content-type' => '',
)
[ info ] [ PARAM ] array (
)
[ info ] [ SESSION ] INIT array (
  'id' => '',
  'var_session_id' => '',
  'prefix' => 'think',
  'type' => '',
  'auto_start' => true,
)
[ info ] [ DB ] INIT mysql
[ info ] [ LOG ] INIT File
[ error ] [1045]SQLSTATE[HY000] [1045] Access denied for user 'root'@'localhost' (using password: YES)[/mnt/d/Workspace/www/tp5-chat/thinkphp/library/think/db/Connection.php:295]
---------------------------------------------------------------
[ 2019-05-22T11:01:42+08:00 ] 127.0.0.1 GET dev.52xue.com/
[运行时间：0.025648s] [吞吐率：38.99req/s] [内存消耗：622.13kb] [文件加载：52]
[ info ] [ LANG ] /mnt/d/Workspace/www/tp5-chat/thinkphp/lang/zh-cn.php
[ info ] [ BIND ] 'index'
[ info ] [ ROUTE ] array (
  'type' => 'module',
  'module' => 
  array (
    0 => 'index',
    1 => NULL,
    2 => NULL,
  ),
)
[ info ] [ HEADER ] array (
  'cookie' => 'PHPSESSID=s242j5vuosqqtcmsf2i71mnb94',
  'accept-language' => 'zh-CN,zh;q=0.9',
  'accept-encoding' => 'gzip, deflate',
  'accept' => 'text/html,application/xhtml+xml,application/xml;q=0.9,image/webp,image/apng,*/*;q=0.8,application/signed-exchange;v=b3',
  'user-agent' => 'Mozilla/5.0 (Windows NT 10.0; Win64; x64) AppleWebKit/537.36 (KHTML, like Gecko) Chrome/74.0.3729.108 Safari/537.36',
  'upgrade-insecure-requests' => '1',
  'cache-control' => 'max-age=0',
  'connection' => 'keep-alive',
  'host' => 'dev.52xue.com',
  'content-length' => '',
  'content-type' => '',
)
[ info ] [ PARAM ] array (
)
[ info ] [ SESSION ] INIT array (
  'id' => '',
  'var_session_id' => '',
  'prefix' => 'think',
  'type' => '',
  'auto_start' => true,
)
[ info ] [ DB ] INIT mysql
[ info ] [ RUN ] app\index\controller\IndexController->index[ /mnt/d/Workspace/www/tp5-chat/application/index/controller/IndexController.php ]
[ info ] [ VIEW ] /mnt/d/Workspace/www/tp5-chat/public/../application/index/view/index/lw-index.html [ array (
  0 => 'menu_list',
  1 => 'tag_list',
  2 => 'hot_articles',
  3 => 'is_login',
  4 => 'settingInfo',
  5 => 'user_info',
  6 => 'article_list',
  7 => 'page',
  8 => 'totalPage',
  9 => 'rotation_list',
) ]
[ info ] [ LOG ] INIT File
[ sql ] [ DB ] CONNECT:[ UseTime:0.001663s ] mysql:host=127.0.0.1;port=3306;dbname=chat;charset=utf8
[ sql ] [ SQL ] SHOW COLUMNS FROM `tag` [ RunTime:0.000789s ]
[ sql ] [ SQL ] SELECT * FROM `tag` WHERE  `status` = 1 ORDER BY num desc LIMIT 0,10 [ RunTime:0.000579s ]
[ sql ] [ SQL ] SHOW COLUMNS FROM `article` [ RunTime:0.000736s ]
[ sql ] [ SQL ] SELECT * FROM `article` WHERE  `status` = 1  AND `hot` = 1 ORDER BY hot desc LIMIT 10 [ RunTime:0.001806s ]
[ sql ] [ SQL ] SHOW COLUMNS FROM `website_setting` [ RunTime:0.000641s ]
[ sql ] [ SQL ] SELECT * FROM `website_setting` [ RunTime:0.000469s ]
[ sql ] [ SQL ] SELECT * FROM `article` WHERE  `index` = 1 ORDER BY created_time desc LIMIT 0,5 [ RunTime:0.001569s ]
[ sql ] [ SQL ] SELECT COUNT(*) AS tp_count FROM `article` WHERE  `index` = 1 LIMIT 1 [ RunTime:0.001038s ]
[ sql ] [ SQL ] SHOW COLUMNS FROM `banner` [ RunTime:0.001071s ]
[ sql ] [ SQL ] SELECT * FROM `banner` WHERE  `status` = 1 LIMIT 3 [ RunTime:0.000610s ]
